\BOOKMARK [0][-]{chapter*.1}{Abstract in Hungarian}{}% 1
\BOOKMARK [0][-]{chapter*.2}{Abstract in English}{}% 2
\BOOKMARK [0][-]{chapter.1}{Introduction}{}% 3
\BOOKMARK [1][-]{section.1.1}{Context}{chapter.1}% 4
\BOOKMARK [1][-]{section.1.2}{Problem statement, requirements}{chapter.1}% 5
\BOOKMARK [1][-]{section.1.3}{Objectives}{chapter.1}% 6
\BOOKMARK [1][-]{section.1.4}{Contribution, added value}{chapter.1}% 7
\BOOKMARK [1][-]{section.1.5}{Structure of the report}{chapter.1}% 8
\BOOKMARK [0][-]{chapter.2}{Introduction}{}% 9
\BOOKMARK [1][-]{section.2.1}{Introduction}{chapter.2}% 10
\BOOKMARK [0][-]{chapter.3}{Background technologies}{}% 11
\BOOKMARK [1][-]{section.3.1}{Big Data and the NoSQL movement}{chapter.3}% 12
\BOOKMARK [1][-]{section.3.2}{Graph models}{chapter.3}% 13
\BOOKMARK [2][-]{subsection.3.2.1}{Graph models}{section.3.2}% 14
\BOOKMARK [2][-]{subsection.3.2.2}{Triplestores}{section.3.2}% 15
\BOOKMARK [1][-]{section.3.3}{Technologies}{chapter.3}% 16
\BOOKMARK [2][-]{subsection.3.3.1}{Cassandra}{section.3.3}% 17
\BOOKMARK [2][-]{subsection.3.3.2}{Hadoop}{section.3.3}% 18
\BOOKMARK [2][-]{subsection.3.3.3}{Neo4j}{section.3.3}% 19
\BOOKMARK [2][-]{subsection.3.3.4}{Titan}{section.3.3}% 20
\BOOKMARK [2][-]{subsection.3.3.5}{4store}{section.3.3}% 21
\BOOKMARK [1][-]{section.3.4}{Asynchronous messaging}{chapter.3}% 22
\BOOKMARK [2][-]{subsection.3.4.1}{Akka}{section.3.4}% 23
\BOOKMARK [2][-]{subsection.3.4.2}{Google Guava}{section.3.4}% 24
\BOOKMARK [1][-]{section.3.5}{Eclipse-based technologies}{chapter.3}% 25
\BOOKMARK [2][-]{subsection.3.5.1}{EMF}{section.3.5}% 26
\BOOKMARK [2][-]{subsection.3.5.2}{EMF-IncQuery}{section.3.5}% 27
\BOOKMARK [0][-]{chapter.4}{Overview}{}% 28
\BOOKMARK [1][-]{section.4.1}{Case study: TrainBenchmark}{chapter.4}% 29
\BOOKMARK [1][-]{section.4.2}{Architecture overview}{chapter.4}% 30
\BOOKMARK [2][-]{subsection.4.2.1}{Architecture}{section.4.2}% 31
\BOOKMARK [2][-]{subsection.4.2.2}{Rete in general}{section.4.2}% 32
\BOOKMARK [2][-]{subsection.4.2.3}{IncQuery-Darchitecture}{section.4.2}% 33
\BOOKMARK [1][-]{section.4.3}{Middleware}{chapter.4}% 34
\BOOKMARK [2][-]{subsection.4.3.1}{Indexing}{section.4.3}% 35
\BOOKMARK [2][-]{subsection.4.3.2}{Graph-like data manipulation}{section.4.3}% 36
\BOOKMARK [2][-]{subsection.4.3.3}{Notification mechanisms}{section.4.3}% 37
\BOOKMARK [1][-]{section.4.4}{Incremental queries, change propagation}{chapter.4}% 38
\BOOKMARK [2][-]{subsection.4.4.1}{Rete}{section.4.4}% 39
\BOOKMARK [2][-]{subsection.4.4.2}{Distribution}{section.4.4}% 40
\BOOKMARK [2][-]{subsection.4.4.3}{Scalability considerations}{section.4.4}% 41
\BOOKMARK [1][-]{section.4.5}{Deployment, configuration}{chapter.4}% 42
\BOOKMARK [2][-]{subsection.4.5.1}{Tooling}{section.4.5}% 43
\BOOKMARK [2][-]{subsection.4.5.2}{Degrees of freedom}{section.4.5}% 44
\BOOKMARK [2][-]{subsection.4.5.3}{Problem pieces}{section.4.5}% 45
\BOOKMARK [2][-]{subsection.4.5.4}{Implementation details}{section.4.5}% 46
\BOOKMARK [1][-]{section.4.6}{Elaboration of the example}{chapter.4}% 47
\BOOKMARK [0][-]{chapter.5}{Related and future work}{}% 48
\BOOKMARK [1][-]{section.5.1}{Related work}{chapter.5}% 49
\BOOKMARK [1][-]{section.5.2}{Future work}{chapter.5}% 50
\BOOKMARK [0][-]{chapter.6}{Evaluation}{}% 51
\BOOKMARK [1][-]{section.6.1}{Goals}{chapter.6}% 52
\BOOKMARK [2][-]{subsection.6.1.1}{Measure the response time and the scalability}{section.6.1}% 53
\BOOKMARK [2][-]{subsection.6.1.2}{Workload profile's difference from standard benchmarks}{section.6.1}% 54
\BOOKMARK [1][-]{section.6.2}{Environment}{chapter.6}% 55
\BOOKMARK [2][-]{subsection.6.2.1}{Benchmark setup}{section.6.2}% 56
\BOOKMARK [2][-]{subsection.6.2.2}{Hardware, software ecosystem}{section.6.2}% 57
\BOOKMARK [2][-]{subsection.6.2.3}{Benchmark methodology}{section.6.2}% 58
\BOOKMARK [2][-]{subsection.6.2.4}{Data collection}{section.6.2}% 59
\BOOKMARK [2][-]{subsection.6.2.5}{Data processing tools}{section.6.2}% 60
\BOOKMARK [1][-]{section.6.3}{Results and analysis}{chapter.6}% 61
\BOOKMARK [2][-]{subsection.6.3.1}{Threat to validity}{section.6.3}% 62
\BOOKMARK [2][-]{subsection.6.3.2}{Conclusions}{section.6.3}% 63
\BOOKMARK [1][-]{section.6.4}{TrainBenchmark}{chapter.6}% 64
\BOOKMARK [2][-]{subsection.6.4.1}{Metamodel}{section.6.4}% 65
\BOOKMARK [1][-]{section.6.5}{Queries}{chapter.6}% 66
\BOOKMARK [2][-]{subsection.6.5.1}{RouteSensor}{section.6.5}% 67
\BOOKMARK [1][-]{section.6.6}{Phases}{chapter.6}% 68
\BOOKMARK [1][-]{section.6.7}{Neo4j}{chapter.6}% 69
\BOOKMARK [1][-]{section.6.8}{Generation of models}{chapter.6}% 70
\BOOKMARK [2][-]{subsection.6.8.1}{RouteSensor}{section.6.8}% 71
\BOOKMARK [1][-]{section.6.9}{Benchmark scenario}{chapter.6}% 72
\BOOKMARK [1][-]{section.6.10}{Evaluation aspects and benchmark environment}{chapter.6}% 73
\BOOKMARK [1][-]{section.6.11}{Results}{chapter.6}% 74
\BOOKMARK [1][-]{section.6.12}{Technologies}{chapter.6}% 75
\BOOKMARK [2][-]{subsection.6.12.1}{Akka}{section.6.12}% 76
\BOOKMARK [0][-]{chapter.7}{Conclusions}{}% 77
\BOOKMARK [1][-]{section.7.1}{Summary of contributions}{chapter.7}% 78
\BOOKMARK [2][-]{subsection.7.1.1}{Own work}{section.7.1}% 79
\BOOKMARK [1][-]{section.7.2}{Limitations}{chapter.7}% 80
\BOOKMARK [1][-]{section.7.3}{Future directions}{chapter.7}% 81
\BOOKMARK [0][-]{section.7.3}{Bibliography}{}% 82
\BOOKMARK [0][-]{appendix.A}{Apx}{}% 83
